-------------------------------------------------------------------------------
Test set: testRunner.TestRunner
-------------------------------------------------------------------------------
Tests run: 31, Failures: 0, Errors: 8, Skipped: 23, Time elapsed: 0.989 s <<< FAILURE! - in testRunner.TestRunner
Given User is on Retail website(Scenario: User verify all items are present in Desktops tab)  Time elapsed: 0.007 s  <<< ERROR!
java.lang.NullPointerException: Cannot invoke "org.openqa.selenium.WebDriver.get(String)" because "core.Base.driver" is null

Scenario: User verify all items are present in Desktops tab  Time elapsed: 0.008 s  <<< ERROR!
java.lang.NullPointerException: Cannot invoke "org.openqa.selenium.WebDriver.get(String)" because "core.Base.driver" is null

Given User is on Retail website(Scenario: User add HP LP 3065 from Desktops tab to the cart)  Time elapsed: 0.001 s  <<< ERROR!
java.lang.NullPointerException: Cannot invoke "org.openqa.selenium.WebDriver.get(String)" because "core.Base.driver" is null

Scenario: User add HP LP 3065 from Desktops tab to the cart  Time elapsed: 0.002 s  <<< ERROR!
java.lang.NullPointerException: Cannot invoke "org.openqa.selenium.WebDriver.get(String)" because "core.Base.driver" is null

Given User is on Retail website(Scenario: User add Canon EOS 5D from Desktops tab to the cart)  Time elapsed: 0.002 s  <<< ERROR!
java.lang.NullPointerException: Cannot invoke "org.openqa.selenium.WebDriver.get(String)" because "core.Base.driver" is null

Scenario: User add Canon EOS 5D from Desktops tab to the cart  Time elapsed: 0.003 s  <<< ERROR!
java.lang.NullPointerException: Cannot invoke "org.openqa.selenium.WebDriver.get(String)" because "core.Base.driver" is null

Given User is on Retail website(Scenario: User add a review to Canon EOS 5D item in Desktops tab)  Time elapsed: 0.001 s  <<< ERROR!
java.lang.NullPointerException: Cannot invoke "org.openqa.selenium.WebDriver.get(String)" because "core.Base.driver" is null

Scenario: User add a review to Canon EOS 5D item in Desktops tab  Time elapsed: 0.002 s  <<< ERROR!
java.lang.NullPointerException: Cannot invoke "org.openqa.selenium.WebDriver.get(String)" because "core.Base.driver" is null

